<?xml version="1.0" encoding="UTF-8"?>
<!-- Generated by org.testng.reporters.JUnitXMLReporter -->
<testsuite ignored="0" hostname="Supriya" failures="0" tests="3" name="MultipleTest" time="36.441" errors="0" timestamp="2025-06-06T17:43:56 IST">
  <testcase classname="automationFramework.tests.PaymentTestNG" name="loginBeforePayment" time="13.783"/>
  <testcase classname="automationFramework.tests.PaymentTestNG" name="testPayment" time="13.026"/>
  <testcase classname="automationFramework.tests.PaymentTestNG" name="testInvalidAmountScenarios" time="6.726"/>
</testsuite> <!-- MultipleTest -->
