<?xml version="1.0" encoding="UTF-8"?>
<!-- Generated by org.testng.reporters.JUnitXMLReporter -->
<testsuite ignored="0" hostname="Supriya" failures="0" tests="3" name="MultipleTest" time="45.467" errors="0" timestamp="2025-06-06T18:51:46 IST">
  <testcase classname="automationFramework.tests.PaymentTestNG" name="loginBeforePayment" time="16.061"/>
  <testcase classname="automationFramework.tests.PaymentTestNG" name="testPayment" time="18.696"/>
  <testcase classname="automationFramework.tests.PaymentTestNG" name="testInvalidAmountScenarios" time="7.283"/>
</testsuite> <!-- MultipleTest -->
