<?xml version="1.0" encoding="UTF-8"?>
<!-- Generated by org.testng.reporters.JUnitXMLReporter -->
<testsuite ignored="0" hostname="Supriya" failures="0" tests="3" name="Default test" time="77.482" errors="0" timestamp="2025-06-16T13:10:52 IST">
  <testcase classname="automationFramework.tests.PaymentTestNG" name="loginBeforePayment" time="18.621"/>
  <testcase classname="automationFramework.tests.PaymentTestNG" name="testPayment" time="20.641"/>
  <testcase classname="automationFramework.tests.PaymentTestNG" name="testInvalidAmountScenarios" time="33.133"/>
</testsuite> <!-- Default test -->
