<?xml version="1.0" encoding="UTF-8"?>
<!-- Generated by org.testng.reporters.JUnitXMLReporter -->
<testsuite ignored="0" hostname="Supriya" failures="0" tests="3" name="Default test" time="251.118" errors="0" timestamp="2025-06-18T19:04:36 IST">
  <testcase classname="automationFramework.tests.ServicesTestNG" name="testManageSMSFlow" time="107.317"/>
  <testcase classname="automationFramework.tests.ServicesTestNG" name="testEmptyThresholds" time="81.365"/>
  <testcase classname="automationFramework.tests.ServicesTestNG" name="testNegativeThresholds" time="38.675"/>
</testsuite> <!-- Default test -->
