<?xml version="1.0" encoding="UTF-8"?>
<testng-results ignored="0" total="3" passed="3" failed="0" skipped="0">
  <reporter-output>
  </reporter-output>
  <suite started-at="2025-06-10T17:36:08 IST" name="MySuite" finished-at="2025-06-10T17:37:33 IST" duration-ms="85247">
    <groups>
    </groups>
    <test started-at="2025-06-10T17:36:08 IST" name="MultipleTest" finished-at="2025-06-10T17:37:33 IST" duration-ms="85247">
      <class name="automationFramework.tests.PaymentTestNG">
        <test-method is-config="true" signature="setUp()[pri:0, instance:automationFramework.tests.PaymentTestNG@7a35b0f5]" started-at="2025-06-10T17:36:08 IST" name="setUp" finished-at="2025-06-10T17:36:11 IST" duration-ms="2911" status="PASS">
          <reporter-output>
          </reporter-output>
        </test-method> <!-- setUp -->
        <test-method signature="loginBeforePayment()[pri:0, instance:automationFramework.tests.PaymentTestNG@7a35b0f5]" started-at="2025-06-10T17:36:11 IST" name="loginBeforePayment" finished-at="2025-06-10T17:36:57 IST" duration-ms="46517" status="PASS">
          <reporter-output>
          </reporter-output>
        </test-method> <!-- loginBeforePayment -->
        <test-method signature="testPayment()[pri:1, instance:automationFramework.tests.PaymentTestNG@7a35b0f5]" started-at="2025-06-10T17:36:57 IST" name="testPayment" finished-at="2025-06-10T17:37:16 IST" depends-on-methods="automationFramework.tests.PaymentTestNG.loginBeforePayment" duration-ms="18952" status="PASS">
          <reporter-output>
          </reporter-output>
        </test-method> <!-- testPayment -->
        <test-method signature="testInvalidAmountScenarios()[pri:2, instance:automationFramework.tests.PaymentTestNG@7a35b0f5]" started-at="2025-06-10T17:37:16 IST" name="testInvalidAmountScenarios" finished-at="2025-06-10T17:37:33 IST" depends-on-methods="automationFramework.tests.PaymentTestNG.loginBeforePayment" duration-ms="16758" status="PASS">
          <reporter-output>
          </reporter-output>
        </test-method> <!-- testInvalidAmountScenarios -->
        <test-method is-config="true" signature="tearDown()[pri:0, instance:automationFramework.tests.PaymentTestNG@7a35b0f5]" started-at="2025-06-10T17:37:33 IST" name="tearDown" finished-at="2025-06-10T17:37:33 IST" duration-ms="1" status="PASS">
          <reporter-output>
          </reporter-output>
        </test-method> <!-- tearDown -->
      </class> <!-- automationFramework.tests.PaymentTestNG -->
    </test> <!-- MultipleTest -->
  </suite> <!-- MySuite -->
</testng-results>
