<?xml version="1.0" encoding="UTF-8"?>
<testng-results ignored="0" total="3" passed="3" failed="0" skipped="0">
  <reporter-output>
  </reporter-output>
  <suite started-at="2025-06-13T00:57:13 IST" name="MySuite" finished-at="2025-06-13T00:58:15 IST" duration-ms="62258">
    <groups>
    </groups>
    <test started-at="2025-06-13T00:57:13 IST" name="MultipleTest" finished-at="2025-06-13T00:58:15 IST" duration-ms="62258">
      <class name="automationFramework.tests.PaymentTestNG">
        <test-method is-config="true" signature="setUp()[pri:0, instance:automationFramework.tests.PaymentTestNG@16eb3ea3]" started-at="2025-06-13T00:57:13 IST" name="setUp" finished-at="2025-06-13T00:57:16 IST" duration-ms="3234" status="PASS">
          <reporter-output>
          </reporter-output>
        </test-method> <!-- setUp -->
        <test-method signature="loginBeforePayment()[pri:0, instance:automationFramework.tests.PaymentTestNG@16eb3ea3]" started-at="2025-06-13T00:57:16 IST" name="loginBeforePayment" finished-at="2025-06-13T00:57:31 IST" duration-ms="14333" status="PASS">
          <reporter-output>
          </reporter-output>
        </test-method> <!-- loginBeforePayment -->
        <test-method signature="testPayment()[pri:1, instance:automationFramework.tests.PaymentTestNG@16eb3ea3]" started-at="2025-06-13T00:57:31 IST" name="testPayment" finished-at="2025-06-13T00:57:47 IST" depends-on-methods="automationFramework.tests.PaymentTestNG.loginBeforePayment" duration-ms="16513" status="PASS">
          <reporter-output>
          </reporter-output>
        </test-method> <!-- testPayment -->
        <test-method signature="testInvalidAmountScenarios()[pri:2, instance:automationFramework.tests.PaymentTestNG@16eb3ea3]" started-at="2025-06-13T00:57:47 IST" name="testInvalidAmountScenarios" finished-at="2025-06-13T00:58:15 IST" depends-on-methods="automationFramework.tests.PaymentTestNG.loginBeforePayment" duration-ms="28089" status="PASS">
          <reporter-output>
          </reporter-output>
        </test-method> <!-- testInvalidAmountScenarios -->
      </class> <!-- automationFramework.tests.PaymentTestNG -->
    </test> <!-- MultipleTest -->
  </suite> <!-- MySuite -->
</testng-results>
