<?xml version="1.0" encoding="UTF-8"?>
<testng-results ignored="0" total="3" passed="3" failed="0" skipped="0">
  <reporter-output>
  </reporter-output>
  <suite started-at="2025-06-17T13:01:23 IST" name="Default suite" finished-at="2025-06-17T13:02:58 IST" duration-ms="94255">
    <groups>
    </groups>
    <test started-at="2025-06-17T13:01:23 IST" name="Default test" finished-at="2025-06-17T13:02:58 IST" duration-ms="94255">
      <class name="automationFramework.tests.PaymentTestNG">
        <test-method is-config="true" signature="setUp()[pri:0, instance:automationFramework.tests.PaymentTestNG@6440112d]" started-at="2025-06-17T13:01:23 IST" name="setUp" finished-at="2025-06-17T13:01:27 IST" duration-ms="3240" status="PASS">
          <reporter-output>
          </reporter-output>
        </test-method> <!-- setUp -->
        <test-method signature="loginBeforePayment()[pri:0, instance:automationFramework.tests.PaymentTestNG@6440112d]" started-at="2025-06-17T13:01:27 IST" name="loginBeforePayment" finished-at="2025-06-17T13:01:46 IST" duration-ms="19145" status="PASS">
          <reporter-output>
          </reporter-output>
        </test-method> <!-- loginBeforePayment -->
        <test-method is-config="true" signature="logResult(org.testng.ITestResult)[pri:0, instance:automationFramework.tests.PaymentTestNG@6440112d]" started-at="2025-06-17T13:01:46 IST" name="logResult" finished-at="2025-06-17T13:01:46 IST" duration-ms="3" status="PASS">
          <params>
            <param index="0">
              <value>
                <![CDATA[[TestResult name=loginBeforePayment status=SUCCESS method=PaymentTestNG.loginBeforePayment()[pri:0, instance:automationFramework.tests.PaymentTestNG@6440112d] output={null}]]]>
              </value>
            </param>
          </params>
          <reporter-output>
          </reporter-output>
        </test-method> <!-- logResult -->
        <test-method signature="testPayment()[pri:1, instance:automationFramework.tests.PaymentTestNG@6440112d]" started-at="2025-06-17T13:01:46 IST" name="testPayment" finished-at="2025-06-17T13:02:08 IST" depends-on-methods="automationFramework.tests.PaymentTestNG.loginBeforePayment" duration-ms="22241" status="PASS">
          <reporter-output>
          </reporter-output>
        </test-method> <!-- testPayment -->
        <test-method is-config="true" signature="logResult(org.testng.ITestResult)[pri:0, instance:automationFramework.tests.PaymentTestNG@6440112d]" started-at="2025-06-17T13:02:08 IST" name="logResult" finished-at="2025-06-17T13:02:08 IST" duration-ms="1" status="PASS">
          <params>
            <param index="0">
              <value>
                <![CDATA[[TestResult name=testPayment status=SUCCESS method=PaymentTestNG.testPayment()[pri:1, instance:automationFramework.tests.PaymentTestNG@6440112d] output={null}]]]>
              </value>
            </param>
          </params>
          <reporter-output>
          </reporter-output>
        </test-method> <!-- logResult -->
        <test-method signature="testInvalidAmountScenarios()[pri:2, instance:automationFramework.tests.PaymentTestNG@6440112d]" started-at="2025-06-17T13:02:08 IST" name="testInvalidAmountScenarios" finished-at="2025-06-17T13:02:45 IST" depends-on-methods="automationFramework.tests.PaymentTestNG.loginBeforePayment" duration-ms="36688" status="PASS">
          <reporter-output>
          </reporter-output>
        </test-method> <!-- testInvalidAmountScenarios -->
        <test-method is-config="true" signature="logResult(org.testng.ITestResult)[pri:0, instance:automationFramework.tests.PaymentTestNG@6440112d]" started-at="2025-06-17T13:02:45 IST" name="logResult" finished-at="2025-06-17T13:02:45 IST" duration-ms="1" status="PASS">
          <params>
            <param index="0">
              <value>
                <![CDATA[[TestResult name=testInvalidAmountScenarios status=SUCCESS method=PaymentTestNG.testInvalidAmountScenarios()[pri:2, instance:automationFramework.tests.PaymentTestNG@6440112d] output={null}]]]>
              </value>
            </param>
          </params>
          <reporter-output>
          </reporter-output>
        </test-method> <!-- logResult -->
        <test-method is-config="true" signature="tearDown()[pri:0, instance:automationFramework.tests.PaymentTestNG@6440112d]" started-at="2025-06-17T13:02:45 IST" name="tearDown" finished-at="2025-06-17T13:02:58 IST" duration-ms="12836" status="PASS">
          <reporter-output>
          </reporter-output>
        </test-method> <!-- tearDown -->
      </class> <!-- automationFramework.tests.PaymentTestNG -->
    </test> <!-- Default test -->
  </suite> <!-- Default suite -->
</testng-results>
