<?xml version="1.0" encoding="UTF-8"?>
<testng-results ignored="0" total="5" passed="5" failed="0" skipped="0">
  <reporter-output>
  </reporter-output>
  <suite started-at="2025-06-13T13:21:07 IST" name="MySuite" finished-at="2025-06-13T13:41:36 IST" duration-ms="1229109">
    <groups>
    </groups>
    <test started-at="2025-06-13T13:21:07 IST" name="MultipleTest" finished-at="2025-06-13T13:41:36 IST" duration-ms="1229109">
      <class name="automationFramework.tests.AccountsTestNG">
        <test-method is-config="true" signature="setUp()[pri:0, instance:automationFramework.tests.AccountsTestNG@16eb3ea3]" started-at="2025-06-13T13:21:07 IST" name="setUp" finished-at="2025-06-13T13:21:25 IST" duration-ms="17705" status="PASS">
          <reporter-output>
          </reporter-output>
        </test-method> <!-- setUp -->
        <test-method signature="testAccountSummary()[pri:1, instance:automationFramework.tests.AccountsTestNG@16eb3ea3]" started-at="2025-06-13T13:21:25 IST" name="testAccountSummary" finished-at="2025-06-13T13:25:41 IST" duration-ms="256667" status="PASS">
          <reporter-output>
          </reporter-output>
        </test-method> <!-- testAccountSummary -->
        <test-method signature="downloadOneMonthStatementPdf()[pri:2, instance:automationFramework.tests.AccountsTestNG@16eb3ea3]" started-at="2025-06-13T13:25:42 IST" name="downloadOneMonthStatementPdf" finished-at="2025-06-13T13:29:08 IST" duration-ms="206908" status="PASS">
          <reporter-output>
          </reporter-output>
        </test-method> <!-- downloadOneMonthStatementPdf -->
        <test-method signature="downloadThreeMonthStatementPdf()[pri:3, instance:automationFramework.tests.AccountsTestNG@16eb3ea3]" started-at="2025-06-13T13:29:08 IST" name="downloadThreeMonthStatementPdf" finished-at="2025-06-13T13:33:35 IST" duration-ms="266790" status="PASS">
          <reporter-output>
          </reporter-output>
        </test-method> <!-- downloadThreeMonthStatementPdf -->
        <test-method signature="downloadOneMonthStatementXls()[pri:4, instance:automationFramework.tests.AccountsTestNG@16eb3ea3]" started-at="2025-06-13T13:33:35 IST" name="downloadOneMonthStatementXls" finished-at="2025-06-13T13:37:09 IST" duration-ms="214070" status="PASS">
          <reporter-output>
          </reporter-output>
        </test-method> <!-- downloadOneMonthStatementXls -->
        <test-method signature="downloadThreeMonthStatementXls()[pri:5, instance:automationFramework.tests.AccountsTestNG@16eb3ea3]" started-at="2025-06-13T13:37:09 IST" name="downloadThreeMonthStatementXls" finished-at="2025-06-13T13:41:36 IST" duration-ms="266828" status="PASS">
          <reporter-output>
          </reporter-output>
        </test-method> <!-- downloadThreeMonthStatementXls -->
      </class> <!-- automationFramework.tests.AccountsTestNG -->
    </test> <!-- MultipleTest -->
  </suite> <!-- MySuite -->
</testng-results>
