<?xml version="1.0" encoding="UTF-8"?>
<testng-results ignored="0" total="3" passed="3" failed="0" skipped="0">
  <reporter-output>
  </reporter-output>
  <suite started-at="2025-06-06T18:51:01 IST" name="MySuite" finished-at="2025-06-06T18:51:46 IST" duration-ms="45467">
    <groups>
    </groups>
    <test started-at="2025-06-06T18:51:01 IST" name="MultipleTest" finished-at="2025-06-06T18:51:46 IST" duration-ms="45467">
      <class name="automationFramework.tests.PaymentTestNG">
        <test-method is-config="true" signature="setUp()[pri:0, instance:automationFramework.tests.PaymentTestNG@75437611]" started-at="2025-06-06T18:51:01 IST" name="setUp" finished-at="2025-06-06T18:51:04 IST" duration-ms="3323" status="PASS">
          <reporter-output>
          </reporter-output>
        </test-method> <!-- setUp -->
        <test-method signature="loginBeforePayment()[pri:0, instance:automationFramework.tests.PaymentTestNG@75437611]" started-at="2025-06-06T18:51:04 IST" name="loginBeforePayment" finished-at="2025-06-06T18:51:20 IST" duration-ms="16061" status="PASS">
          <reporter-output>
          </reporter-output>
        </test-method> <!-- loginBeforePayment -->
        <test-method signature="testPayment()[pri:1, instance:automationFramework.tests.PaymentTestNG@75437611]" started-at="2025-06-06T18:51:20 IST" name="testPayment" finished-at="2025-06-06T18:51:39 IST" depends-on-methods="automationFramework.tests.PaymentTestNG.loginBeforePayment" duration-ms="18696" status="PASS">
          <reporter-output>
          </reporter-output>
        </test-method> <!-- testPayment -->
        <test-method signature="testInvalidAmountScenarios()[pri:2, instance:automationFramework.tests.PaymentTestNG@75437611]" started-at="2025-06-06T18:51:39 IST" name="testInvalidAmountScenarios" finished-at="2025-06-06T18:51:46 IST" depends-on-methods="automationFramework.tests.PaymentTestNG.loginBeforePayment" duration-ms="7283" status="PASS">
          <reporter-output>
          </reporter-output>
        </test-method> <!-- testInvalidAmountScenarios -->
        <test-method is-config="true" signature="tearDown()[pri:0, instance:automationFramework.tests.PaymentTestNG@75437611]" started-at="2025-06-06T18:51:46 IST" name="tearDown" finished-at="2025-06-06T18:51:46 IST" duration-ms="1" status="PASS">
          <reporter-output>
          </reporter-output>
        </test-method> <!-- tearDown -->
      </class> <!-- automationFramework.tests.PaymentTestNG -->
    </test> <!-- MultipleTest -->
  </suite> <!-- MySuite -->
</testng-results>
