<?xml version="1.0" encoding="UTF-8"?>
<testng-results ignored="0" total="3" passed="3" failed="0" skipped="0">
  <reporter-output>
  </reporter-output>
  <suite started-at="2025-06-16T13:09:35 IST" name="Default suite" finished-at="2025-06-16T13:10:52 IST" duration-ms="77482">
    <groups>
    </groups>
    <test started-at="2025-06-16T13:09:35 IST" name="Default test" finished-at="2025-06-16T13:10:52 IST" duration-ms="77482">
      <class name="automationFramework.tests.PaymentTestNG">
        <test-method is-config="true" signature="setUp()[pri:0, instance:automationFramework.tests.PaymentTestNG@6e9a5ed8]" started-at="2025-06-16T13:09:35 IST" name="setUp" finished-at="2025-06-16T13:09:39 IST" duration-ms="4574" status="PASS">
          <reporter-output>
          </reporter-output>
        </test-method> <!-- setUp -->
        <test-method signature="loginBeforePayment()[pri:0, instance:automationFramework.tests.PaymentTestNG@6e9a5ed8]" started-at="2025-06-16T13:09:39 IST" name="loginBeforePayment" finished-at="2025-06-16T13:09:58 IST" duration-ms="18621" status="PASS">
          <reporter-output>
          </reporter-output>
        </test-method> <!-- loginBeforePayment -->
        <test-method is-config="true" signature="logResult(org.testng.ITestResult)[pri:0, instance:automationFramework.tests.PaymentTestNG@6e9a5ed8]" started-at="2025-06-16T13:09:58 IST" name="logResult" finished-at="2025-06-16T13:09:58 IST" duration-ms="4" status="PASS">
          <params>
            <param index="0">
              <value>
                <![CDATA[[TestResult name=loginBeforePayment status=SUCCESS method=PaymentTestNG.loginBeforePayment()[pri:0, instance:automationFramework.tests.PaymentTestNG@6e9a5ed8] output={null}]]]>
              </value>
            </param>
          </params>
          <reporter-output>
          </reporter-output>
        </test-method> <!-- logResult -->
        <test-method signature="testPayment()[pri:1, instance:automationFramework.tests.PaymentTestNG@6e9a5ed8]" started-at="2025-06-16T13:09:58 IST" name="testPayment" finished-at="2025-06-16T13:10:19 IST" depends-on-methods="automationFramework.tests.PaymentTestNG.loginBeforePayment" duration-ms="20641" status="PASS">
          <reporter-output>
          </reporter-output>
        </test-method> <!-- testPayment -->
        <test-method is-config="true" signature="logResult(org.testng.ITestResult)[pri:0, instance:automationFramework.tests.PaymentTestNG@6e9a5ed8]" started-at="2025-06-16T13:10:19 IST" name="logResult" finished-at="2025-06-16T13:10:19 IST" duration-ms="1" status="PASS">
          <params>
            <param index="0">
              <value>
                <![CDATA[[TestResult name=testPayment status=SUCCESS method=PaymentTestNG.testPayment()[pri:1, instance:automationFramework.tests.PaymentTestNG@6e9a5ed8] output={null}]]]>
              </value>
            </param>
          </params>
          <reporter-output>
          </reporter-output>
        </test-method> <!-- logResult -->
        <test-method signature="testInvalidAmountScenarios()[pri:2, instance:automationFramework.tests.PaymentTestNG@6e9a5ed8]" started-at="2025-06-16T13:10:19 IST" name="testInvalidAmountScenarios" finished-at="2025-06-16T13:10:52 IST" depends-on-methods="automationFramework.tests.PaymentTestNG.loginBeforePayment" duration-ms="33133" status="PASS">
          <reporter-output>
          </reporter-output>
        </test-method> <!-- testInvalidAmountScenarios -->
        <test-method is-config="true" signature="logResult(org.testng.ITestResult)[pri:0, instance:automationFramework.tests.PaymentTestNG@6e9a5ed8]" started-at="2025-06-16T13:10:52 IST" name="logResult" finished-at="2025-06-16T13:10:52 IST" duration-ms="0" status="PASS">
          <params>
            <param index="0">
              <value>
                <![CDATA[[TestResult name=testInvalidAmountScenarios status=SUCCESS method=PaymentTestNG.testInvalidAmountScenarios()[pri:2, instance:automationFramework.tests.PaymentTestNG@6e9a5ed8] output={null}]]]>
              </value>
            </param>
          </params>
          <reporter-output>
          </reporter-output>
        </test-method> <!-- logResult -->
        <test-method is-config="true" signature="tearDown()[pri:0, instance:automationFramework.tests.PaymentTestNG@6e9a5ed8]" started-at="2025-06-16T13:10:52 IST" name="tearDown" finished-at="2025-06-16T13:10:52 IST" duration-ms="393" status="PASS">
          <reporter-output>
          </reporter-output>
        </test-method> <!-- tearDown -->
      </class> <!-- automationFramework.tests.PaymentTestNG -->
    </test> <!-- Default test -->
  </suite> <!-- Default suite -->
</testng-results>
