<?xml version="1.0" encoding="UTF-8"?>
<testng-results ignored="0" total="4" passed="4" failed="0" skipped="0">
  <reporter-output>
  </reporter-output>
  <suite started-at="2025-06-05T17:59:21 IST" name="MySuite" finished-at="2025-06-05T17:59:59 IST" duration-ms="38128">
    <groups>
    </groups>
    <test started-at="2025-06-05T17:59:21 IST" name="MultipleTest" finished-at="2025-06-05T17:59:59 IST" duration-ms="38128">
      <class name="automationFramework.tests.PaymentTestNG">
        <test-method is-config="true" signature="setUp()[pri:0, instance:automationFramework.tests.PaymentTestNG@712625fd]" started-at="2025-06-05T17:59:21 IST" name="setUp" finished-at="2025-06-05T17:59:25 IST" duration-ms="4124" status="PASS">
          <reporter-output>
          </reporter-output>
        </test-method> <!-- setUp -->
        <test-method signature="loginBeforePayment()[pri:0, instance:automationFramework.tests.PaymentTestNG@712625fd]" started-at="2025-06-05T17:59:25 IST" name="loginBeforePayment" finished-at="2025-06-05T17:59:40 IST" duration-ms="14376" status="PASS">
          <reporter-output>
          </reporter-output>
        </test-method> <!-- loginBeforePayment -->
        <test-method signature="testPayment()[pri:1, instance:automationFramework.tests.PaymentTestNG@712625fd]" started-at="2025-06-05T17:59:40 IST" name="testPayment" finished-at="2025-06-05T17:59:54 IST" depends-on-methods="automationFramework.tests.PaymentTestNG.loginBeforePayment" duration-ms="14738" status="PASS">
          <reporter-output>
          </reporter-output>
        </test-method> <!-- testPayment -->
        <test-method signature="testInvalidAmountScenarios()[pri:2, instance:automationFramework.tests.PaymentTestNG@712625fd]" started-at="2025-06-05T17:59:54 IST" name="testInvalidAmountScenarios" finished-at="2025-06-05T17:59:59 IST" depends-on-methods="automationFramework.tests.PaymentTestNG.loginBeforePayment" duration-ms="4773" status="PASS">
          <reporter-output>
          </reporter-output>
        </test-method> <!-- testInvalidAmountScenarios -->
        <test-method is-config="true" signature="tearDown()[pri:0, instance:automationFramework.tests.PaymentTestNG@712625fd]" started-at="2025-06-05T17:59:59 IST" name="tearDown" finished-at="2025-06-05T17:59:59 IST" duration-ms="0" status="PASS">
          <reporter-output>
          </reporter-output>
        </test-method> <!-- tearDown -->
      </class> <!-- automationFramework.tests.PaymentTestNG -->
      <class name="automationFramework.tests.TesttestNG">
        <test-method signature="verifyLogin()[pri:0, instance:automationFramework.tests.TesttestNG@644baf4a]" started-at="2025-06-05T17:59:21 IST" name="verifyLogin" finished-at="2025-06-05T17:59:21 IST" duration-ms="14" status="PASS">
          <reporter-output>
          </reporter-output>
        </test-method> <!-- verifyLogin -->
      </class> <!-- automationFramework.tests.TesttestNG -->
    </test> <!-- MultipleTest -->
  </suite> <!-- MySuite -->
</testng-results>
