<?xml version="1.0" encoding="UTF-8"?>
<testng-results ignored="0" total="1" passed="1" failed="0" skipped="0">
  <reporter-output>
  </reporter-output>
  <suite started-at="2025-06-18T16:10:26 IST" name="Default suite" finished-at="2025-06-18T16:12:39 IST" duration-ms="133282">
    <groups>
    </groups>
    <test started-at="2025-06-18T16:10:26 IST" name="Default test" finished-at="2025-06-18T16:12:39 IST" duration-ms="133282">
      <class name="automationFramework.tests.ServicesTestNG">
        <test-method is-config="true" signature="setUp()[pri:0, instance:automationFramework.tests.ServicesTestNG@6e9a5ed8]" started-at="2025-06-18T16:10:26 IST" name="setUp" finished-at="2025-06-18T16:10:54 IST" duration-ms="28381" status="PASS">
          <reporter-output>
          </reporter-output>
        </test-method> <!-- setUp -->
        <test-method signature="testManageSMSFlow()[pri:1, instance:automationFramework.tests.ServicesTestNG@6e9a5ed8]" started-at="2025-06-18T16:10:54 IST" name="testManageSMSFlow" finished-at="2025-06-18T16:12:31 IST" duration-ms="97220" status="PASS">
          <reporter-output>
          </reporter-output>
        </test-method> <!-- testManageSMSFlow -->
        <test-method is-config="true" signature="captureFailureScreenshot(org.testng.ITestResult)[pri:0, instance:automationFramework.tests.ServicesTestNG@6e9a5ed8]" started-at="2025-06-18T16:12:31 IST" name="captureFailureScreenshot" finished-at="2025-06-18T16:12:31 IST" duration-ms="2" status="PASS">
          <params>
            <param index="0">
              <value>
                <![CDATA[[TestResult name=testManageSMSFlow status=SUCCESS method=ServicesTestNG.testManageSMSFlow()[pri:1, instance:automationFramework.tests.ServicesTestNG@6e9a5ed8] output={null}]]]>
              </value>
            </param>
          </params>
          <reporter-output>
          </reporter-output>
        </test-method> <!-- captureFailureScreenshot -->
        <test-method is-config="true" signature="tearDown()[pri:0, instance:automationFramework.tests.ServicesTestNG@6e9a5ed8]" started-at="2025-06-18T16:12:31 IST" name="tearDown" finished-at="2025-06-18T16:12:39 IST" duration-ms="7612" status="PASS">
          <reporter-output>
          </reporter-output>
        </test-method> <!-- tearDown -->
      </class> <!-- automationFramework.tests.ServicesTestNG -->
    </test> <!-- Default test -->
  </suite> <!-- Default suite -->
</testng-results>
