<?xml version="1.0" encoding="UTF-8"?>
<testng-results ignored="0" total="9" passed="9" failed="0" skipped="0">
  <reporter-output>
  </reporter-output>
  <suite started-at="2025-06-13T17:38:49 IST" name="MySuite" finished-at="2025-06-13T18:50:42 IST" duration-ms="4313016">
    <groups>
    </groups>
    <test started-at="2025-06-13T17:38:49 IST" name="MultipleTest" finished-at="2025-06-13T18:50:42 IST" duration-ms="4313016">
      <class name="automationFramework.tests.AccountsTestNG">
        <test-method is-config="true" signature="setUp()[pri:0, instance:automationFramework.tests.AccountsTestNG@48bb62]" started-at="2025-06-13T17:38:49 IST" name="setUp" finished-at="2025-06-13T17:39:11 IST" duration-ms="22688" status="PASS">
          <reporter-output>
          </reporter-output>
        </test-method> <!-- setUp -->
        <test-method signature="testAccountSummary()[pri:1, instance:automationFramework.tests.AccountsTestNG@48bb62]" started-at="2025-06-13T17:39:11 IST" name="testAccountSummary" finished-at="2025-06-13T17:45:08 IST" duration-ms="356944" status="PASS">
          <reporter-output>
          </reporter-output>
        </test-method> <!-- testAccountSummary -->
        <test-method signature="downloadOneMonthStatementPdf()[pri:2, instance:automationFramework.tests.AccountsTestNG@48bb62]" started-at="2025-06-13T17:45:08 IST" name="downloadOneMonthStatementPdf" finished-at="2025-06-13T17:50:29 IST" duration-ms="320404" status="PASS">
          <reporter-output>
          </reporter-output>
        </test-method> <!-- downloadOneMonthStatementPdf -->
        <test-method signature="downloadThreeMonthStatementPdf()[pri:3, instance:automationFramework.tests.AccountsTestNG@48bb62]" started-at="2025-06-13T17:50:29 IST" name="downloadThreeMonthStatementPdf" finished-at="2025-06-13T17:57:13 IST" duration-ms="404691" status="PASS">
          <reporter-output>
          </reporter-output>
        </test-method> <!-- downloadThreeMonthStatementPdf -->
        <test-method signature="downloadOneMonthStatementXls()[pri:4, instance:automationFramework.tests.AccountsTestNG@48bb62]" started-at="2025-06-13T17:57:13 IST" name="downloadOneMonthStatementXls" finished-at="2025-06-13T18:03:56 IST" duration-ms="402950" status="PASS">
          <reporter-output>
          </reporter-output>
        </test-method> <!-- downloadOneMonthStatementXls -->
        <test-method signature="downloadThreeMonthStatementXls()[pri:5, instance:automationFramework.tests.AccountsTestNG@48bb62]" started-at="2025-06-13T18:03:56 IST" name="downloadThreeMonthStatementXls" finished-at="2025-06-13T18:11:05 IST" duration-ms="428573" status="PASS">
          <reporter-output>
          </reporter-output>
        </test-method> <!-- downloadThreeMonthStatementXls -->
        <test-method signature="downloaddownloadCustomStatement6MonthsXsl()[pri:6, instance:automationFramework.tests.AccountsTestNG@48bb62]" started-at="2025-06-13T18:11:05 IST" name="downloaddownloadCustomStatement6MonthsXsl" finished-at="2025-06-13T18:21:53 IST" duration-ms="648451" status="PASS">
          <reporter-output>
          </reporter-output>
        </test-method> <!-- downloaddownloadCustomStatement6MonthsXsl -->
        <test-method signature="downloaddownloadCustomStatement12MonthsPdf()[pri:7, instance:automationFramework.tests.AccountsTestNG@48bb62]" started-at="2025-06-13T18:21:53 IST" name="downloaddownloadCustomStatement12MonthsPdf" finished-at="2025-06-13T18:30:34 IST" duration-ms="520214" status="PASS">
          <reporter-output>
          </reporter-output>
        </test-method> <!-- downloaddownloadCustomStatement12MonthsPdf -->
        <test-method signature="downloaddownloadCustomStatement6MonthsPdf()[pri:8, instance:automationFramework.tests.AccountsTestNG@48bb62]" started-at="2025-06-13T18:30:34 IST" name="downloaddownloadCustomStatement6MonthsPdf" finished-at="2025-06-13T18:40:11 IST" duration-ms="577807" status="PASS">
          <reporter-output>
          </reporter-output>
        </test-method> <!-- downloaddownloadCustomStatement6MonthsPdf -->
        <test-method signature="downloaddownloadCustomStatement12MonthsXsl()[pri:9, instance:automationFramework.tests.AccountsTestNG@48bb62]" started-at="2025-06-13T18:40:11 IST" name="downloaddownloadCustomStatement12MonthsXsl" finished-at="2025-06-13T18:50:42 IST" duration-ms="630193" status="PASS">
          <reporter-output>
          </reporter-output>
        </test-method> <!-- downloaddownloadCustomStatement12MonthsXsl -->
      </class> <!-- automationFramework.tests.AccountsTestNG -->
    </test> <!-- MultipleTest -->
  </suite> <!-- MySuite -->
</testng-results>
